This is XeTeX, Version 3.14159265-2.6-0.99991 (TeX Live 2014) (preloaded format=xelatex 2015.3.8)  1 MAY 2015 14:41
entering extended mode
 restricted \write18 enabled.
 file:line:error style messages enabled.
 %&-line parsing enabled.
**appendix-A.tex
(./appendix-A.tex
LaTeX2e <2014/05/01>
Babel <3.9k> and hyphenation patterns for 78 languages loaded.
./appendix-A.tex:1: Undefined control sequence.
l.1 \chapter
            {sss}
? 
./appendix-A.tex:1: Emergency stop.
l.1 \chapter
            {sss}
End of file on the terminal!

 
Here is how much of TeX's memory you used:
 4 strings out of 493734
 54 string characters out of 6146349
 52937 words of memory out of 5000000
 3428 multiletter control sequences out of 15000+600000
 3640 words of font info for 14 fonts, out of 8000000 for 9000
 1328 hyphenation exceptions out of 8191
 5i,0n,1p,30b,8s stack positions out of 5000i,500n,10000p,200000b,80000s
No pages of output.
