\BOOKMARK [0][-]{chapter*.1}{摘  要}{}% 1
\BOOKMARK [0][-]{chapter*.2}{Abstract}{}% 2
\BOOKMARK [0][-]{chapter*.3}{目  录}{}% 3
\BOOKMARK [0][-]{chapter.1}{第一章  引言}{}% 4
\BOOKMARK [0][-]{chapter.2}{第二章  研究背景综述}{}% 5
\BOOKMARK [1][-]{section.2.1}{2.1 稀疏矩阵的定义}{chapter.2}% 6
\BOOKMARK [1][-]{section.2.2}{2.2 稀疏矩阵已有存储方式}{chapter.2}% 7
\BOOKMARK [2][-]{subsection.2.2.1}{2.2.1 三元组（Triplet）存储}{section.2.2}% 8
\BOOKMARK [2][-]{subsection.2.2.2}{2.2.2 十字链表（Orthogonal List）存储}{section.2.2}% 9
\BOOKMARK [2][-]{subsection.2.2.3}{2.2.3 列压缩CSS\(Compressed-column storage\)存储}{section.2.2}% 10
\BOOKMARK [2][-]{subsection.2.2.4}{2.2.4 行压缩存储方式\(Compressed Row Storage\)}{section.2.2}% 11
\BOOKMARK [1][-]{section.2.3}{2.3 已有的处理稀疏矩阵存储与运算的开源库}{chapter.2}% 12
\BOOKMARK [1][-]{section.2.4}{2.4 稀疏矩阵的数乘}{chapter.2}% 13
\BOOKMARK [1][-]{section.2.5}{2.5 稀疏矩阵的矩阵向量乘法}{chapter.2}% 14
\BOOKMARK [1][-]{section.2.6}{2.6 稀疏矩阵的矩阵矩阵乘法}{chapter.2}% 15
\BOOKMARK [0][-]{chapter.3}{第三章  研究的目标、内容及研究方法}{}% 16
\BOOKMARK [1][-]{section.3.1}{3.1 研究的目标}{chapter.3}% 17
\BOOKMARK [1][-]{section.3.2}{3.2 研究内容}{chapter.3}% 18
\BOOKMARK [1][-]{section.3.3}{3.3 研究方法}{chapter.3}% 19
\BOOKMARK [0][-]{chapter.4}{第四章  实验结果}{}% 20
\BOOKMARK [0][-]{chapter.5}{第五章  结论}{}% 21
\BOOKMARK [0][-]{appendix.A}{附录 A  sparseMatrix库}{}% 22
\BOOKMARK [1][-]{section.A.1}{A.1\040sparseMatrix.h}{appendix.A}% 23
\BOOKMARK [1][-]{section.A.2}{A.2\040tmpSparse.h}{appendix.A}% 24
\BOOKMARK [1][-]{section.A.3}{A.3\040sparseVector.h}{appendix.A}% 25
\BOOKMARK [1][-]{section.A.4}{A.4\040complexNumber.h}{appendix.A}% 26
\BOOKMARK [1][-]{section.A.5}{A.5\040complexSparseMatrix.h}{appendix.A}% 27
\BOOKMARK [1][-]{section.A.6}{A.6\040tmpComplexSparse.h}{appendix.A}% 28
\BOOKMARK [1][-]{section.A.7}{A.7\040complexSparseVector.h}{appendix.A}% 29
\BOOKMARK [0][-]{appendix*.4}{参考文献}{}% 30
\BOOKMARK [0][-]{appendix*.5}{致  谢}{}% 31
