This is pdfTeX, Version 3.14159265-2.6-1.40.15 (TeX Live 2014) (preloaded format=pdflatex 2015.3.8)  1 MAY 2015 14:34
entering extended mode
 restricted \write18 enabled.
 file:line:error style messages enabled.
 %&-line parsing enabled.
**ZJUthesis.cls
(./ZJUthesis.cls
LaTeX2e <2014/05/01>
Babel <3.9k> and hyphenation patterns for 78 languages loaded.

LaTeX Warning: You have requested package `',
               but the package provides `ZJUthesis'.

Package: ZJUthesis 2006/04/15 v0.1c ZJUthesis document class

./ZJUthesis.cls:8: LaTeX Error: Missing \begin{document}.

See the LaTeX manual or LaTeX Companion for explanation.
Type  H <return>  for immediate help.
 ...                                              
                                                  
l.8 \newif\ifZJU@
                 typeinfo \ZJU@typeinfotrue
? 
./ZJUthesis.cls:8: Emergency stop.
 ...                                              
                                                  
l.8 \newif\ifZJU@
                 typeinfo \ZJU@typeinfotrue
You're in trouble here.  Try typing  <return>  to proceed.
If that doesn't work, type  X <return>  to quit.

 
Here is how much of TeX's memory you used:
 11 strings out of 493117
 297 string characters out of 6135434
 52909 words of memory out of 5000000
 3572 multiletter control sequences out of 15000+600000
 3640 words of font info for 14 fonts, out of 8000000 for 9000
 1141 hyphenation exceptions out of 8191
 7i,0n,8p,90b,14s stack positions out of 5000i,500n,10000p,200000b,80000s
./ZJUthesis.cls:8:  ==> Fatal error occurred, no output PDF file produced!
